<?xml version="1.0" encoding="UTF-8"?>
<!-- Generated by org.testng.reporters.JUnitReportReporter -->
<testsuite hostname="Sundar_V" failures="0" tests="1" name="tests.TC_Oneway" time="34.626" errors="0" timestamp="2025-01-09T06:41:31 IST" skipped="0">
  <testcase classname="tests.TC_Oneway" name="SelectFlight" time="34.626"/>
  <system-out/>
</testsuite> <!-- tests.TC_Oneway -->
