<?xml version="1.0" encoding="UTF-8"?>
<!-- Generated by org.testng.reporters.JUnitReportReporter -->
<testsuite hostname="Sundar_V" failures="0" tests="1" name="tests.TC_CheckIn" time="7.212" errors="0" timestamp="2025-01-09T06:21:58 IST" skipped="0">
  <testcase classname="tests.TC_CheckIn" name="checkin" time="7.212"/>
  <system-out/>
</testsuite> <!-- tests.TC_CheckIn -->
