<?xml version="1.0" encoding="UTF-8"?>
<!-- Generated by org.testng.reporters.JUnitReportReporter -->
<testsuite hostname="Sundar_V" failures="0" tests="1" name="tests.TC_Round" time="53.720" errors="0" timestamp="2025-01-09T06:39:59 IST" skipped="0">
  <testcase classname="tests.TC_Round" name="Roundtrip" time="53.720"/>
  <system-out/>
</testsuite> <!-- tests.TC_Round -->
