<?xml version="1.0" encoding="UTF-8"?>
<!-- Generated by org.testng.reporters.JUnitReportReporter -->
<testsuite hostname="Sundar_V" failures="0" tests="1" name="tests.TC_3_Round" time="37.370" errors="0" timestamp="2025-01-09T07:09:15 IST" skipped="0">
  <testcase classname="tests.TC_3_Round" name="Roundtrip" time="37.370"/>
  <system-out/>
</testsuite> <!-- tests.TC_3_Round -->
