<?xml version="1.0" encoding="UTF-8"?>
<!-- Generated by org.testng.reporters.JUnitReportReporter -->
<testsuite hostname="Sundar_V" failures="0" tests="1" name="tests.TC_FlightStatus" time="10.423" errors="0" timestamp="2025-01-09T06:23:51 IST" skipped="0">
  <testcase classname="tests.TC_FlightStatus" name="FlightStatus" time="10.423"/>
  <system-out/>
</testsuite> <!-- tests.TC_FlightStatus -->
