<?xml version="1.0" encoding="UTF-8"?>
<!-- Generated by org.testng.reporters.JUnitReportReporter -->
<testsuite hostname="Sundar_V" failures="0" tests="1" name="tests.TC_LoginTest" time="7.470" errors="0" timestamp="2025-01-08T17:12:32 IST" skipped="0">
  <testcase classname="tests.TC_LoginTest" name="logintest" time="7.470"/>
  <system-out/>
</testsuite> <!-- tests.TC_LoginTest -->
