<?xml version="1.0" encoding="UTF-8"?>
<!-- Generated by org.testng.reporters.JUnitReportReporter -->
<testsuite hostname="Sundar_V" failures="0" tests="1" name="tests.TC_4_CheckIn" time="6.713" errors="0" timestamp="2025-01-09T07:09:15 IST" skipped="0">
  <testcase classname="tests.TC_4_CheckIn" name="checkin" time="6.713"/>
  <system-out/>
</testsuite> <!-- tests.TC_4_CheckIn -->
